<?xml version="1.0" encoding="UTF-8"?>
<!-- Generated by org.testng.reporters.JUnitXMLReporter -->
<testsuite ignored="0" hostname="LAPTOP-P540B2CO" failures="3" tests="12" name="Default test" time="412.81" errors="0" timestamp="14 Dec 2020 10:45:15 GMT">
  <testcase classname="Features.TestRunner" name="feature" time="25.17"/>
  <testcase classname="Features.TestRunner" name="feature" time="24.359"/>
  <testcase classname="Features.TestRunner" name="feature" time="40.155"/>
  <testcase classname="Features.TestRunner" name="feature" time="70.042"/>
  <testcase classname="Features.TestRunner" name="feature" time="36.088"/>
  <testcase classname="Features.TestRunner" name="feature" time="34.684"/>
  <testcase classname="Features.TestRunner" name="feature" time="25.474"/>
  <testcase classname="Features.TestRunner" name="feature" time="26.573"/>
  <testcase classname="Features.TestRunner" name="feature" time="28.719"/>
  <testcase classname="Features.TestRunner" name="feature" time="27.437">
    <failure type="java.lang.AssertionError" message="expected [rgb(170, 73, 53)] but found [rgb(210, 209, 209)]">
      <![CDATA[java.lang.AssertionError: expected [rgb(170, 73, 53)] but found [rgb(210, 209, 209)]
at org.testng.Assert.fail(Assert.java:96)
at org.testng.Assert.failNotEquals(Assert.java:776)
at org.testng.Assert.assertEqualsImpl(Assert.java:137)
at org.testng.Assert.assertEquals(Assert.java:118)
at org.testng.Assert.assertEquals(Assert.java:453)
at org.testng.Assert.assertEquals(Assert.java:463)
at Features.StepDefLogin.password_textbox_does_display_any_error_message(StepDefLogin.java:169)
at ✽.password textbox does display any error message(Features/add_emp.feature:65)
]]>
    </failure>
  </testcase> <!-- feature -->
  <testcase classname="Features.TestRunner" name="feature" time="31.53">
    <failure type="java.lang.AssertionError" message="expected [rgb(170, 73, 53)] but found [rgb(210, 209, 209)]">
      <![CDATA[java.lang.AssertionError: expected [rgb(170, 73, 53)] but found [rgb(210, 209, 209)]
at org.testng.Assert.fail(Assert.java:96)
at org.testng.Assert.failNotEquals(Assert.java:776)
at org.testng.Assert.assertEqualsImpl(Assert.java:137)
at org.testng.Assert.assertEquals(Assert.java:118)
at org.testng.Assert.assertEquals(Assert.java:453)
at org.testng.Assert.assertEquals(Assert.java:463)
at Features.StepDefLogin.password_textbox_does_display_any_error_message(StepDefLogin.java:169)
at ✽.password textbox does display any error message(Features/add_emp.feature:65)
]]>
    </failure>
  </testcase> <!-- feature -->
  <testcase classname="Features.TestRunner" name="feature" time="42.184">
    <failure type="java.lang.AssertionError" message="expected [rgb(170, 73, 53)] but found [rgb(210, 209, 209)]">
      <![CDATA[java.lang.AssertionError: expected [rgb(170, 73, 53)] but found [rgb(210, 209, 209)]
at org.testng.Assert.fail(Assert.java:96)
at org.testng.Assert.failNotEquals(Assert.java:776)
at org.testng.Assert.assertEqualsImpl(Assert.java:137)
at org.testng.Assert.assertEquals(Assert.java:118)
at org.testng.Assert.assertEquals(Assert.java:453)
at org.testng.Assert.assertEquals(Assert.java:463)
at Features.StepDefLogin.password_textbox_does_display_any_error_message(StepDefLogin.java:169)
at ✽.password textbox does display any error message(Features/add_emp.feature:65)
]]>
    </failure>
  </testcase> <!-- feature -->
</testsuite> <!-- Default test -->
